This file contains any messages produced by compilers while
running configure, to aid debugging if configure makes a mistake.

It was created by gtfold configure 2.0, which was
generated by GNU Autoconf 2.69.  Invocation command line was

  $ ./configure 

## --------- ##
## Platform. ##
## --------- ##

hostname = mathm1703
uname -m = x86_64
uname -r = 18.7.0
uname -s = Darwin
uname -v = Darwin Kernel Version 18.7.0: Sun Dec  1 18:59:03 PST 2019; root:xnu-4903.278.19~1/RELEASE_X86_64

/usr/bin/uname -p = i386
/bin/uname -X     = unknown

/bin/arch              = unknown
/usr/bin/arch -k       = unknown
/usr/convex/getsysinfo = unknown
/usr/bin/hostinfo      = Mach kernel version:
	 Darwin Kernel Version 18.7.0: Sun Dec  1 18:59:03 PST 2019; root:xnu-4903.278.19~1/RELEASE_X86_64
Kernel configured for up to 4 processors.
2 processors are physically available.
4 processors are logically available.
Processor type: x86_64h (Intel x86-64h Haswell)
Processors active: 0 1 2 3
Primary memory available: 16.00 gigabytes
Default processor set: 335 tasks, 1192 threads, 4 processors
Load average: 4.24, Mach factor: 0.52
/bin/machine           = unknown
/usr/bin/oslevel       = unknown
/bin/universe          = unknown

PATH: /usr/local/bin
PATH: /usr/bin
PATH: /bin
PATH: /usr/sbin
PATH: /sbin
PATH: /Library/TeX/texbin


## ----------- ##
## Core tests. ##
## ----------- ##

configure:2307: checking build system type
configure:2321: result: x86_64-apple-darwin18.7.0
configure:2341: checking host system type
configure:2354: result: x86_64-apple-darwin18.7.0
configure:2374: checking target system type
configure:2387: result: x86_64-apple-darwin18.7.0
configure:2430: checking for a BSD-compatible install
configure:2498: result: /usr/local/bin/ginstall -c
configure:2509: checking whether build environment is sane
configure:2559: result: yes
configure:2700: checking for a thread-safe mkdir -p
configure:2739: result: /usr/local/bin/gmkdir -p
configure:2752: checking for gawk
configure:2782: result: no
configure:2752: checking for mawk
configure:2782: result: no
configure:2752: checking for nawk
configure:2782: result: no
configure:2752: checking for awk
configure:2768: found /usr/bin/awk
configure:2779: result: awk
configure:2790: checking whether make sets $(MAKE)
configure:2812: result: yes
configure:2973: checking for xlc
configure:3003: result: no
configure:2973: checking for gcc
configure:2989: found /usr/bin/gcc
configure:3000: result: gcc
configure:3031: checking for C compiler version
configure:3040: gcc --version >&5
Apple LLVM version 10.0.1 (clang-1001.0.46.4)
Target: x86_64-apple-darwin18.7.0
Thread model: posix
InstalledDir: /Library/Developer/CommandLineTools/usr/bin
Configured with: --prefix=/Library/Developer/CommandLineTools/usr --with-gxx-include-dir=/Library/Developer/CommandLineTools/SDKs/MacOSX10.14.sdk/usr/include/c++/4.2.1
configure:3051: $? = 0
configure:3040: gcc -v >&5
Configured with: --prefix=/Library/Developer/CommandLineTools/usr --with-gxx-include-dir=/Library/Developer/CommandLineTools/SDKs/MacOSX10.14.sdk/usr/include/c++/4.2.1
Apple LLVM version 10.0.1 (clang-1001.0.46.4)
Target: x86_64-apple-darwin18.7.0
Thread model: posix
InstalledDir: /Library/Developer/CommandLineTools/usr/bin
configure:3051: $? = 0
configure:3040: gcc -V >&5
clang: error: unsupported option '-V -Wno-atomic-implicit-seq-cst'
clang: error: no input files
configure:3051: $? = 1
configure:3040: gcc -qversion >&5
clang: error: unknown argument '-qversion', did you mean '--version'?
clang: error: no input files
configure:3051: $? = 1
configure:3071: checking whether the C compiler works
configure:3093: gcc -fPIC -m64 -fvisibility=default  -rdynamic -Wl,-undefined,error -fPIC -pie conftest.c  >&5
clang: warning: argument unused during compilation: '-pie' [-Wunused-command-line-argument]
configure:3097: $? = 0
configure:3145: result: yes
configure:3148: checking for C compiler default output file name
configure:3150: result: a.out
configure:3156: checking for suffix of executables
configure:3163: gcc -o conftest -fPIC -m64 -fvisibility=default  -rdynamic -Wl,-undefined,error -fPIC -pie conftest.c  >&5
clang: warning: argument unused during compilation: '-pie' [-Wunused-command-line-argument]
configure:3167: $? = 0
configure:3189: result: 
configure:3211: checking whether we are cross compiling
configure:3219: gcc -o conftest -fPIC -m64 -fvisibility=default  -rdynamic -Wl,-undefined,error -fPIC -pie conftest.c  >&5
clang: warning: argument unused during compilation: '-pie' [-Wunused-command-line-argument]
configure:3223: $? = 0
configure:3230: ./conftest
configure:3234: $? = 0
configure:3249: result: no
configure:3254: checking for suffix of object files
configure:3276: gcc -c -fPIC -m64 -fvisibility=default  conftest.c >&5
configure:3280: $? = 0
configure:3301: result: o
configure:3305: checking whether we are using the GNU C compiler
configure:3324: gcc -c -fPIC -m64 -fvisibility=default  conftest.c >&5
configure:3324: $? = 0
configure:3333: result: yes
configure:3342: checking whether gcc accepts -g
configure:3362: gcc -c -g  conftest.c >&5
configure:3362: $? = 0
configure:3403: result: yes
configure:3420: checking for gcc option to accept ISO C89
configure:3483: gcc  -c -fPIC -m64 -fvisibility=default  conftest.c >&5
configure:3483: $? = 0
configure:3496: result: none needed
configure:3527: checking for style of include used by make
configure:3555: result: GNU
configure:3580: checking dependency style of gcc
configure:3690: result: gcc3
configure:3763: checking for xlC
configure:3793: result: no
configure:3763: checking for g++
configure:3779: found /usr/bin/g++
configure:3790: result: g++
configure:3817: checking for C++ compiler version
configure:3826: g++ --version >&5
Apple LLVM version 10.0.1 (clang-1001.0.46.4)
Target: x86_64-apple-darwin18.7.0
Thread model: posix
InstalledDir: /Library/Developer/CommandLineTools/usr/bin
Configured with: --prefix=/Library/Developer/CommandLineTools/usr --with-gxx-include-dir=/Library/Developer/CommandLineTools/SDKs/MacOSX10.14.sdk/usr/include/c++/4.2.1
configure:3837: $? = 0
configure:3826: g++ -v >&5
Configured with: --prefix=/Library/Developer/CommandLineTools/usr --with-gxx-include-dir=/Library/Developer/CommandLineTools/SDKs/MacOSX10.14.sdk/usr/include/c++/4.2.1
Apple LLVM version 10.0.1 (clang-1001.0.46.4)
Target: x86_64-apple-darwin18.7.0
Thread model: posix
InstalledDir: /Library/Developer/CommandLineTools/usr/bin
configure:3837: $? = 0
configure:3826: g++ -V >&5
clang: error: unsupported option '-V -Wno-atomic-implicit-seq-cst'
clang: error: no input files
configure:3837: $? = 1
configure:3826: g++ -qversion >&5
clang: error: unknown argument '-qversion', did you mean '--version'?
clang: error: no input files
configure:3837: $? = 1
configure:3841: checking whether we are using the GNU C++ compiler
configure:3860: g++ -c -fPIC -I../include -m64 -fvisibility=default -Wno-error  conftest.cpp >&5
configure:3860: $? = 0
configure:3869: result: yes
configure:3878: checking whether g++ accepts -g
configure:3898: g++ -c -g  conftest.cpp >&5
configure:3898: $? = 0
configure:3939: result: yes
configure:3964: checking dependency style of g++
configure:4074: result: gcc3
configure:4101: checking for gcc option to support OpenMP
configure:4116: gcc -o conftest -fPIC -m64 -fvisibility=default  -rdynamic -Wl,-undefined,error -fPIC -pie conftest.c  >&5
clang: warning: argument unused during compilation: '-pie' [-Wunused-command-line-argument]
conftest.c:13:2: error: unknown type name 'choke'
 choke me
 ^
conftest.c:15:10: fatal error: 'omp.h' file not found
#include <omp.h>
         ^~~~~~~
2 errors generated.
configure:4116: $? = 1
configure: failed program was:
| /* confdefs.h */
| #define PACKAGE_NAME "gtfold"
| #define PACKAGE_TARNAME "gtfold"
| #define PACKAGE_VERSION "2.0"
| #define PACKAGE_STRING "gtfold 2.0"
| #define PACKAGE_BUGREPORT ""
| #define PACKAGE_URL ""
| #define PACKAGE "gtfold"
| #define VERSION "2.0"
| /* end confdefs.h.  */
| 
| #ifndef _OPENMP
|  choke me
| #endif
| #include <omp.h>
| int main () { return omp_get_num_threads (); }
| 
configure:4134: gcc -o conftest -fPIC -m64 -fvisibility=default -fopenmp  -rdynamic -Wl,-undefined,error -fPIC -pie conftest.c  >&5
clang: error: unsupported option '-fopenmp'
clang: error: unsupported option '-fopenmp'
configure:4134: $? = 1
configure: failed program was:
| /* confdefs.h */
| #define PACKAGE_NAME "gtfold"
| #define PACKAGE_TARNAME "gtfold"
| #define PACKAGE_VERSION "2.0"
| #define PACKAGE_STRING "gtfold 2.0"
| #define PACKAGE_BUGREPORT ""
| #define PACKAGE_URL ""
| #define PACKAGE "gtfold"
| #define VERSION "2.0"
| /* end confdefs.h.  */
| 
| #ifndef _OPENMP
|  choke me
| #endif
| #include <omp.h>
| int main () { return omp_get_num_threads (); }
| 
configure:4134: gcc -o conftest -fPIC -m64 -fvisibility=default -xopenmp  -rdynamic -Wl,-undefined,error -fPIC -pie conftest.c  >&5
clang: error: language not recognized: 'openmp'
configure:4134: $? = 1
configure: failed program was:
| /* confdefs.h */
| #define PACKAGE_NAME "gtfold"
| #define PACKAGE_TARNAME "gtfold"
| #define PACKAGE_VERSION "2.0"
| #define PACKAGE_STRING "gtfold 2.0"
| #define PACKAGE_BUGREPORT ""
| #define PACKAGE_URL ""
| #define PACKAGE "gtfold"
| #define VERSION "2.0"
| /* end confdefs.h.  */
| 
| #ifndef _OPENMP
|  choke me
| #endif
| #include <omp.h>
| int main () { return omp_get_num_threads (); }
| 
configure:4134: gcc -o conftest -fPIC -m64 -fvisibility=default -openmp  -rdynamic -Wl,-undefined,error -fPIC -pie conftest.c  >&5
clang: warning: argument unused during compilation: '-pie' [-Wunused-command-line-argument]
conftest.c:13:2: error: unknown type name 'choke'
 choke me
 ^
conftest.c:15:10: fatal error: 'omp.h' file not found
#include <omp.h>
         ^~~~~~~
2 errors generated.
configure:4134: $? = 1
configure: failed program was:
| /* confdefs.h */
| #define PACKAGE_NAME "gtfold"
| #define PACKAGE_TARNAME "gtfold"
| #define PACKAGE_VERSION "2.0"
| #define PACKAGE_STRING "gtfold 2.0"
| #define PACKAGE_BUGREPORT ""
| #define PACKAGE_URL ""
| #define PACKAGE "gtfold"
| #define VERSION "2.0"
| /* end confdefs.h.  */
| 
| #ifndef _OPENMP
|  choke me
| #endif
| #include <omp.h>
| int main () { return omp_get_num_threads (); }
| 
configure:4134: gcc -o conftest -fPIC -m64 -fvisibility=default -mp  -rdynamic -Wl,-undefined,error -fPIC -pie conftest.c  >&5
clang: error: unknown argument '-mp', did you mean '-mtp='?
configure:4134: $? = 1
configure: failed program was:
| /* confdefs.h */
| #define PACKAGE_NAME "gtfold"
| #define PACKAGE_TARNAME "gtfold"
| #define PACKAGE_VERSION "2.0"
| #define PACKAGE_STRING "gtfold 2.0"
| #define PACKAGE_BUGREPORT ""
| #define PACKAGE_URL ""
| #define PACKAGE "gtfold"
| #define VERSION "2.0"
| /* end confdefs.h.  */
| 
| #ifndef _OPENMP
|  choke me
| #endif
| #include <omp.h>
| int main () { return omp_get_num_threads (); }
| 
configure:4134: gcc -o conftest -fPIC -m64 -fvisibility=default -omp  -rdynamic -Wl,-undefined,error -fPIC -pie conftest.c  >&5
clang: warning: argument unused during compilation: '-pie' [-Wunused-command-line-argument]
conftest.c:13:2: error: unknown type name 'choke'
 choke me
 ^
conftest.c:15:10: fatal error: 'omp.h' file not found
#include <omp.h>
         ^~~~~~~
2 errors generated.
configure:4134: $? = 1
configure: failed program was:
| /* confdefs.h */
| #define PACKAGE_NAME "gtfold"
| #define PACKAGE_TARNAME "gtfold"
| #define PACKAGE_VERSION "2.0"
| #define PACKAGE_STRING "gtfold 2.0"
| #define PACKAGE_BUGREPORT ""
| #define PACKAGE_URL ""
| #define PACKAGE "gtfold"
| #define VERSION "2.0"
| /* end confdefs.h.  */
| 
| #ifndef _OPENMP
|  choke me
| #endif
| #include <omp.h>
| int main () { return omp_get_num_threads (); }
| 
configure:4134: gcc -o conftest -fPIC -m64 -fvisibility=default -qsmp=omp  -rdynamic -Wl,-undefined,error -fPIC -pie conftest.c  >&5
clang: error: unknown argument: '-qsmp=omp'
configure:4134: $? = 1
configure: failed program was:
| /* confdefs.h */
| #define PACKAGE_NAME "gtfold"
| #define PACKAGE_TARNAME "gtfold"
| #define PACKAGE_VERSION "2.0"
| #define PACKAGE_STRING "gtfold 2.0"
| #define PACKAGE_BUGREPORT ""
| #define PACKAGE_URL ""
| #define PACKAGE "gtfold"
| #define VERSION "2.0"
| /* end confdefs.h.  */
| 
| #ifndef _OPENMP
|  choke me
| #endif
| #include <omp.h>
| int main () { return omp_get_num_threads (); }
| 
configure:4134: gcc -o conftest -fPIC -m64 -fvisibility=default -homp  -rdynamic -Wl,-undefined,error -fPIC -pie conftest.c  >&5
clang: error: unknown argument: '-homp'
configure:4134: $? = 1
configure: failed program was:
| /* confdefs.h */
| #define PACKAGE_NAME "gtfold"
| #define PACKAGE_TARNAME "gtfold"
| #define PACKAGE_VERSION "2.0"
| #define PACKAGE_STRING "gtfold 2.0"
| #define PACKAGE_BUGREPORT ""
| #define PACKAGE_URL ""
| #define PACKAGE "gtfold"
| #define VERSION "2.0"
| /* end confdefs.h.  */
| 
| #ifndef _OPENMP
|  choke me
| #endif
| #include <omp.h>
| int main () { return omp_get_num_threads (); }
| 
configure:4134: gcc -o conftest -fPIC -m64 -fvisibility=default -Popenmp  -rdynamic -Wl,-undefined,error -fPIC -pie conftest.c  >&5
clang: error: unknown argument '-Popenmp', did you mean '-fopenmp='?
configure:4134: $? = 1
configure: failed program was:
| /* confdefs.h */
| #define PACKAGE_NAME "gtfold"
| #define PACKAGE_TARNAME "gtfold"
| #define PACKAGE_VERSION "2.0"
| #define PACKAGE_STRING "gtfold 2.0"
| #define PACKAGE_BUGREPORT ""
| #define PACKAGE_URL ""
| #define PACKAGE "gtfold"
| #define VERSION "2.0"
| /* end confdefs.h.  */
| 
| #ifndef _OPENMP
|  choke me
| #endif
| #include <omp.h>
| int main () { return omp_get_num_threads (); }
| 
configure:4134: gcc -o conftest -fPIC -m64 -fvisibility=default --openmp  -rdynamic -Wl,-undefined,error -fPIC -pie conftest.c  >&5
clang: error: unsupported option '--openmp', did you mean '-fopenmp='?
configure:4134: $? = 1
configure: failed program was:
| /* confdefs.h */
| #define PACKAGE_NAME "gtfold"
| #define PACKAGE_TARNAME "gtfold"
| #define PACKAGE_VERSION "2.0"
| #define PACKAGE_STRING "gtfold 2.0"
| #define PACKAGE_BUGREPORT ""
| #define PACKAGE_URL ""
| #define PACKAGE "gtfold"
| #define VERSION "2.0"
| /* end confdefs.h.  */
| 
| #ifndef _OPENMP
|  choke me
| #endif
| #include <omp.h>
| int main () { return omp_get_num_threads (); }
| 
configure:4148: result: unsupported
configure:4162: checking for log2 in -lm
configure:4187: gcc -o conftest -fPIC -m64 -fvisibility=default  -rdynamic -Wl,-undefined,error -fPIC -pie conftest.c -lm   >&5
clang: warning: argument unused during compilation: '-pie' [-Wunused-command-line-argument]
conftest.c:18:6: warning: incompatible redeclaration of library function 'log2' [-Wincompatible-library-redeclaration]
char log2 ();
     ^
conftest.c:18:6: note: 'log2' is a builtin with type 'double (double)'
1 warning generated.
configure:4187: $? = 0
configure:4196: result: yes
configure:4210: checking how to run the C preprocessor
configure:4241: gcc -E  conftest.c
configure:4241: $? = 0
configure:4255: gcc -E  conftest.c
conftest.c:12:10: fatal error: 'ac_nonexistent.h' file not found
#include <ac_nonexistent.h>
         ^~~~~~~~~~~~~~~~~~
1 error generated.
configure:4255: $? = 1
configure: failed program was:
| /* confdefs.h */
| #define PACKAGE_NAME "gtfold"
| #define PACKAGE_TARNAME "gtfold"
| #define PACKAGE_VERSION "2.0"
| #define PACKAGE_STRING "gtfold 2.0"
| #define PACKAGE_BUGREPORT ""
| #define PACKAGE_URL ""
| #define PACKAGE "gtfold"
| #define VERSION "2.0"
| #define HAVE_LOG2 /**/
| /* end confdefs.h.  */
| #include <ac_nonexistent.h>
configure:4280: result: gcc -E
configure:4300: gcc -E  conftest.c
configure:4300: $? = 0
configure:4314: gcc -E  conftest.c
conftest.c:12:10: fatal error: 'ac_nonexistent.h' file not found
#include <ac_nonexistent.h>
         ^~~~~~~~~~~~~~~~~~
1 error generated.
configure:4314: $? = 1
configure: failed program was:
| /* confdefs.h */
| #define PACKAGE_NAME "gtfold"
| #define PACKAGE_TARNAME "gtfold"
| #define PACKAGE_VERSION "2.0"
| #define PACKAGE_STRING "gtfold 2.0"
| #define PACKAGE_BUGREPORT ""
| #define PACKAGE_URL ""
| #define PACKAGE "gtfold"
| #define VERSION "2.0"
| #define HAVE_LOG2 /**/
| /* end confdefs.h.  */
| #include <ac_nonexistent.h>
configure:4343: checking for grep that handles long lines and -e
configure:4401: result: /usr/local/bin/ggrep
configure:4406: checking for egrep
configure:4468: result: /usr/local/bin/ggrep -E
configure:4473: checking for ANSI C header files
configure:4493: gcc -c -fPIC -m64 -fvisibility=default  conftest.c >&5
configure:4493: $? = 0
configure:4566: gcc -o conftest -fPIC -m64 -fvisibility=default  -rdynamic -Wl,-undefined,error -fPIC -pie conftest.c  >&5
clang: warning: argument unused during compilation: '-pie' [-Wunused-command-line-argument]
configure:4566: $? = 0
configure:4566: ./conftest
configure:4566: $? = 0
configure:4577: result: yes
configure:4592: checking for sys/types.h
configure:4592: gcc -c -fPIC -m64 -fvisibility=default  conftest.c >&5
configure:4592: $? = 0
configure:4592: result: yes
configure:4592: checking for sys/stat.h
configure:4592: gcc -c -fPIC -m64 -fvisibility=default  conftest.c >&5
configure:4592: $? = 0
configure:4592: result: yes
configure:4592: checking for stdlib.h
configure:4592: gcc -c -fPIC -m64 -fvisibility=default  conftest.c >&5
configure:4592: $? = 0
configure:4592: result: yes
configure:4592: checking for string.h
configure:4592: gcc -c -fPIC -m64 -fvisibility=default  conftest.c >&5
configure:4592: $? = 0
configure:4592: result: yes
configure:4592: checking for memory.h
configure:4592: gcc -c -fPIC -m64 -fvisibility=default  conftest.c >&5
configure:4592: $? = 0
configure:4592: result: yes
configure:4592: checking for strings.h
configure:4592: gcc -c -fPIC -m64 -fvisibility=default  conftest.c >&5
configure:4592: $? = 0
configure:4592: result: yes
configure:4592: checking for inttypes.h
configure:4592: gcc -c -fPIC -m64 -fvisibility=default  conftest.c >&5
configure:4592: $? = 0
configure:4592: result: yes
configure:4592: checking for stdint.h
configure:4592: gcc -c -fPIC -m64 -fvisibility=default  conftest.c >&5
configure:4592: $? = 0
configure:4592: result: yes
configure:4592: checking for unistd.h
configure:4592: gcc -c -fPIC -m64 -fvisibility=default  conftest.c >&5
configure:4592: $? = 0
configure:4592: result: yes
configure:4607: checking for stdlib.h
configure:4607: result: yes
configure:4607: checking for string.h
configure:4607: result: yes
configure:4607: checking sys/time.h usability
configure:4607: gcc -c -fPIC -m64 -fvisibility=default  conftest.c >&5
configure:4607: $? = 0
configure:4607: result: yes
configure:4607: checking sys/time.h presence
configure:4607: gcc -E  conftest.c
configure:4607: $? = 0
configure:4607: result: yes
configure:4607: checking for sys/time.h
configure:4607: result: yes
configure:4618: checking for an ANSI C-conforming const
configure:4684: gcc -c -fPIC -m64 -fvisibility=default  conftest.c >&5
configure:4684: $? = 0
configure:4691: result: yes
configure:4699: checking for inline
configure:4715: gcc -c -fPIC -m64 -fvisibility=default  conftest.c >&5
configure:4715: $? = 0
configure:4723: result: inline
configure:4741: checking for size_t
configure:4741: gcc -c -fPIC -m64 -fvisibility=default  conftest.c >&5
configure:4741: $? = 0
configure:4741: gcc -c -fPIC -m64 -fvisibility=default  conftest.c >&5
conftest.c:61:21: error: expected expression
if (sizeof ((size_t)))
                    ^
1 error generated.
configure:4741: $? = 1
configure: failed program was:
| /* confdefs.h */
| #define PACKAGE_NAME "gtfold"
| #define PACKAGE_TARNAME "gtfold"
| #define PACKAGE_VERSION "2.0"
| #define PACKAGE_STRING "gtfold 2.0"
| #define PACKAGE_BUGREPORT ""
| #define PACKAGE_URL ""
| #define PACKAGE "gtfold"
| #define VERSION "2.0"
| #define HAVE_LOG2 /**/
| #define STDC_HEADERS 1
| #define HAVE_SYS_TYPES_H 1
| #define HAVE_SYS_STAT_H 1
| #define HAVE_STDLIB_H 1
| #define HAVE_STRING_H 1
| #define HAVE_MEMORY_H 1
| #define HAVE_STRINGS_H 1
| #define HAVE_INTTYPES_H 1
| #define HAVE_STDINT_H 1
| #define HAVE_UNISTD_H 1
| #define HAVE_STDLIB_H 1
| #define HAVE_STRING_H 1
| #define HAVE_SYS_TIME_H 1
| /* end confdefs.h.  */
| #include <stdio.h>
| #ifdef HAVE_SYS_TYPES_H
| # include <sys/types.h>
| #endif
| #ifdef HAVE_SYS_STAT_H
| # include <sys/stat.h>
| #endif
| #ifdef STDC_HEADERS
| # include <stdlib.h>
| # include <stddef.h>
| #else
| # ifdef HAVE_STDLIB_H
| #  include <stdlib.h>
| # endif
| #endif
| #ifdef HAVE_STRING_H
| # if !defined STDC_HEADERS && defined HAVE_MEMORY_H
| #  include <memory.h>
| # endif
| # include <string.h>
| #endif
| #ifdef HAVE_STRINGS_H
| # include <strings.h>
| #endif
| #ifdef HAVE_INTTYPES_H
| # include <inttypes.h>
| #endif
| #ifdef HAVE_STDINT_H
| # include <stdint.h>
| #endif
| #ifdef HAVE_UNISTD_H
| # include <unistd.h>
| #endif
| int
| main ()
| {
| if (sizeof ((size_t)))
| 	    return 0;
|   ;
|   return 0;
| }
configure:4741: result: yes
configure:4752: checking whether time.h and sys/time.h may both be included
configure:4772: gcc -c -fPIC -m64 -fvisibility=default  conftest.c >&5
configure:4772: $? = 0
configure:4779: result: yes
configure:4787: checking whether struct tm is in sys/time.h or time.h
configure:4807: gcc -c -fPIC -m64 -fvisibility=default  conftest.c >&5
configure:4807: $? = 0
configure:4814: result: time.h
configure:4842: checking for Sun C compiler
configure:4858: gcc -c -fPIC -m64 -fvisibility=default -Wall  conftest.c >&5
conftest.c:31:30: fatal error: 'error: this is not a Sun C compiler.' file not found
                    #include "error: this is not a Sun C compiler."
                             ^~~~~~~~~~~~~~~~~~~~~~~~~~~~~~~~~~~~~~
1 error generated.
configure:4858: $? = 1
configure: failed program was:
| /* confdefs.h */
| #define PACKAGE_NAME "gtfold"
| #define PACKAGE_TARNAME "gtfold"
| #define PACKAGE_VERSION "2.0"
| #define PACKAGE_STRING "gtfold 2.0"
| #define PACKAGE_BUGREPORT ""
| #define PACKAGE_URL ""
| #define PACKAGE "gtfold"
| #define VERSION "2.0"
| #define HAVE_LOG2 /**/
| #define STDC_HEADERS 1
| #define HAVE_SYS_TYPES_H 1
| #define HAVE_SYS_STAT_H 1
| #define HAVE_STDLIB_H 1
| #define HAVE_STRING_H 1
| #define HAVE_MEMORY_H 1
| #define HAVE_STRINGS_H 1
| #define HAVE_INTTYPES_H 1
| #define HAVE_STDINT_H 1
| #define HAVE_UNISTD_H 1
| #define HAVE_STDLIB_H 1
| #define HAVE_STRING_H 1
| #define HAVE_SYS_TIME_H 1
| #define TIME_WITH_SYS_TIME 1
| /* end confdefs.h.  */
| 
| int
| main ()
| {
| #ifndef __SUNPRO_C
|                     #include "error: this is not a Sun C compiler."
|                     #endif
| 
|   ;
|   return 0;
| }
configure:4863: result: no
configure:4950: checking for GOMP_parallel_start in -lomp
configure:4975: gcc -o conftest -fPIC -m64 -fvisibility=default -Wall  -rdynamic -Wl,-undefined,error -fPIC -pie conftest.c -lomp   >&5
clang: warning: argument unused during compilation: '-pie' [-Wunused-command-line-argument]
ld: library not found for -lomp
clang: error: linker command failed with exit code 1 (use -v to see invocation)
configure:4975: $? = 1
configure: failed program was:
| /* confdefs.h */
| #define PACKAGE_NAME "gtfold"
| #define PACKAGE_TARNAME "gtfold"
| #define PACKAGE_VERSION "2.0"
| #define PACKAGE_STRING "gtfold 2.0"
| #define PACKAGE_BUGREPORT ""
| #define PACKAGE_URL ""
| #define PACKAGE "gtfold"
| #define VERSION "2.0"
| #define HAVE_LOG2 /**/
| #define STDC_HEADERS 1
| #define HAVE_SYS_TYPES_H 1
| #define HAVE_SYS_STAT_H 1
| #define HAVE_STDLIB_H 1
| #define HAVE_STRING_H 1
| #define HAVE_MEMORY_H 1
| #define HAVE_STRINGS_H 1
| #define HAVE_INTTYPES_H 1
| #define HAVE_STDINT_H 1
| #define HAVE_UNISTD_H 1
| #define HAVE_STDLIB_H 1
| #define HAVE_STRING_H 1
| #define HAVE_SYS_TIME_H 1
| #define TIME_WITH_SYS_TIME 1
| /* end confdefs.h.  */
| 
| /* Override any GCC internal prototype to avoid an error.
|    Use char because int might match the return type of a GCC
|    builtin and then its argument prototype would still apply.  */
| #ifdef __cplusplus
| extern "C"
| #endif
| char GOMP_parallel_start ();
| int
| main ()
| {
| return GOMP_parallel_start ();
|   ;
|   return 0;
| }
configure:4984: result: no
configure:4990: checking for GOMP_parallel_start in -lgomp
configure:5015: gcc -o conftest -fPIC -m64 -fvisibility=default -Wall  -rdynamic -Wl,-undefined,error -fPIC -pie conftest.c -lgomp   >&5
clang: warning: argument unused during compilation: '-pie' [-Wunused-command-line-argument]
ld: library not found for -lgomp
clang: error: linker command failed with exit code 1 (use -v to see invocation)
configure:5015: $? = 1
configure: failed program was:
| /* confdefs.h */
| #define PACKAGE_NAME "gtfold"
| #define PACKAGE_TARNAME "gtfold"
| #define PACKAGE_VERSION "2.0"
| #define PACKAGE_STRING "gtfold 2.0"
| #define PACKAGE_BUGREPORT ""
| #define PACKAGE_URL ""
| #define PACKAGE "gtfold"
| #define VERSION "2.0"
| #define HAVE_LOG2 /**/
| #define STDC_HEADERS 1
| #define HAVE_SYS_TYPES_H 1
| #define HAVE_SYS_STAT_H 1
| #define HAVE_STDLIB_H 1
| #define HAVE_STRING_H 1
| #define HAVE_MEMORY_H 1
| #define HAVE_STRINGS_H 1
| #define HAVE_INTTYPES_H 1
| #define HAVE_STDINT_H 1
| #define HAVE_UNISTD_H 1
| #define HAVE_STDLIB_H 1
| #define HAVE_STRING_H 1
| #define HAVE_SYS_TIME_H 1
| #define TIME_WITH_SYS_TIME 1
| /* end confdefs.h.  */
| 
| /* Override any GCC internal prototype to avoid an error.
|    Use char because int might match the return type of a GCC
|    builtin and then its argument prototype would still apply.  */
| #ifdef __cplusplus
| extern "C"
| #endif
| char GOMP_parallel_start ();
| int
| main ()
| {
| return GOMP_parallel_start ();
|   ;
|   return 0;
| }
configure:5024: result: no
configure:5119: checking for floor
configure:5119: gcc -o conftest -fPIC -m64 -fvisibility=default -Wall  -rdynamic -Wl,-undefined,error -fPIC -pie conftest.c   >&5
clang: warning: argument unused during compilation: '-pie' [-Wunused-command-line-argument]
conftest.c:49:6: warning: incompatible redeclaration of library function 'floor' [-Wincompatible-library-redeclaration]
char floor ();
     ^
conftest.c:49:6: note: 'floor' is a builtin with type 'double (double)'
1 warning generated.
configure:5119: $? = 0
configure:5119: result: yes
configure:5119: checking for gettimeofday
configure:5119: gcc -o conftest -fPIC -m64 -fvisibility=default -Wall  -rdynamic -Wl,-undefined,error -fPIC -pie conftest.c   >&5
clang: warning: argument unused during compilation: '-pie' [-Wunused-command-line-argument]
configure:5119: $? = 0
configure:5119: result: yes
configure:5119: checking for pow
configure:5119: gcc -o conftest -fPIC -m64 -fvisibility=default -Wall  -rdynamic -Wl,-undefined,error -fPIC -pie conftest.c   >&5
clang: warning: argument unused during compilation: '-pie' [-Wunused-command-line-argument]
conftest.c:51:6: warning: incompatible redeclaration of library function 'pow' [-Wincompatible-library-redeclaration]
char pow ();
     ^
conftest.c:51:6: note: 'pow' is a builtin with type 'double (double, double)'
1 warning generated.
configure:5119: $? = 0
configure:5119: result: yes
configure:5293: creating ./config.status

## ---------------------- ##
## Running config.status. ##
## ---------------------- ##

This file was extended by gtfold config.status 2.0, which was
generated by GNU Autoconf 2.69.  Invocation command line was

  CONFIG_FILES    = 
  CONFIG_HEADERS  = 
  CONFIG_LINKS    = 
  CONFIG_COMMANDS = 
  $ ./config.status 

on mathm1703

config.status:886: creating Makefile
config.status:886: creating src/Makefile
config.status:886: creating data/Makefile
config.status:886: creating include/Makefile
config.status:886: creating data/Turner99/Makefile
config.status:886: creating data/Turner04/Makefile
config.status:886: creating data/Andronescu/Makefile
config.status:886: creating data/UNAParams/Makefile
config.status:886: creating data/RNAParams/Makefile
config.status:886: creating gtfold_config.h
config.status:1067: gtfold_config.h is unchanged
config.status:1115: executing depfiles commands

## ---------------- ##
## Cache variables. ##
## ---------------- ##

ac_cv_build=x86_64-apple-darwin18.7.0
ac_cv_c_compiler_gnu=yes
ac_cv_c_const=yes
ac_cv_c_inline=inline
ac_cv_cxx_compiler_gnu=yes
ac_cv_env_CCC_set=
ac_cv_env_CCC_value=
ac_cv_env_CC_set=
ac_cv_env_CC_value=
ac_cv_env_CFLAGS_set=set
ac_cv_env_CFLAGS_value='-fPIC -m64 -fvisibility=default'
ac_cv_env_CPPFLAGS_set=
ac_cv_env_CPPFLAGS_value=
ac_cv_env_CPP_set=
ac_cv_env_CPP_value=
ac_cv_env_CXXFLAGS_set=set
ac_cv_env_CXXFLAGS_value='-fPIC -I../include -m64 -fvisibility=default -Wno-error'
ac_cv_env_CXX_set=
ac_cv_env_CXX_value=
ac_cv_env_LDFLAGS_set=set
ac_cv_env_LDFLAGS_value='-rdynamic -Wl,-undefined,error -fPIC -pie'
ac_cv_env_LIBS_set=
ac_cv_env_LIBS_value=
ac_cv_env_build_alias_set=
ac_cv_env_build_alias_value=
ac_cv_env_host_alias_set=
ac_cv_env_host_alias_value=
ac_cv_env_target_alias_set=
ac_cv_env_target_alias_value=
ac_cv_func_floor=yes
ac_cv_func_gettimeofday=yes
ac_cv_func_pow=yes
ac_cv_header_inttypes_h=yes
ac_cv_header_memory_h=yes
ac_cv_header_stdc=yes
ac_cv_header_stdint_h=yes
ac_cv_header_stdlib_h=yes
ac_cv_header_string_h=yes
ac_cv_header_strings_h=yes
ac_cv_header_sys_stat_h=yes
ac_cv_header_sys_time_h=yes
ac_cv_header_sys_types_h=yes
ac_cv_header_time=yes
ac_cv_header_unistd_h=yes
ac_cv_host=x86_64-apple-darwin18.7.0
ac_cv_lib_gomp_GOMP_parallel_start=no
ac_cv_lib_m_log2=yes
ac_cv_lib_omp_GOMP_parallel_start=no
ac_cv_objext=o
ac_cv_path_EGREP='/usr/local/bin/ggrep -E'
ac_cv_path_GREP=/usr/local/bin/ggrep
ac_cv_path_install='/usr/local/bin/ginstall -c'
ac_cv_path_mkdir=/usr/local/bin/gmkdir
ac_cv_prog_AWK=awk
ac_cv_prog_CPP='gcc -E'
ac_cv_prog_ac_ct_CC=gcc
ac_cv_prog_ac_ct_CXX=g++
ac_cv_prog_c_openmp=unsupported
ac_cv_prog_cc_c89=
ac_cv_prog_cc_g=yes
ac_cv_prog_cxx_g=yes
ac_cv_prog_make_make_set=yes
ac_cv_struct_tm=time.h
ac_cv_target=x86_64-apple-darwin18.7.0
ac_cv_type_size_t=yes
am_cv_CC_dependencies_compiler_type=gcc3
am_cv_CXX_dependencies_compiler_type=gcc3
gtfold_cv_check_sunpro_cc=no
gtfold_cv_enable_64bit=no

## ----------------- ##
## Output variables. ##
## ----------------- ##

ACLOCAL='${SHELL} /Users/mschmidt34/GTFoldPython/gtfold-mfe/missing --run aclocal-1.11'
AMDEPBACKSLASH='\'
AMDEP_FALSE='#'
AMDEP_TRUE=''
AMTAR='${SHELL} /Users/mschmidt34/GTFoldPython/gtfold-mfe/missing --run tar'
AUTOCONF='${SHELL} /Users/mschmidt34/GTFoldPython/gtfold-mfe/missing --run autoconf'
AUTOHEADER='${SHELL} /Users/mschmidt34/GTFoldPython/gtfold-mfe/missing --run autoheader'
AUTOMAKE='${SHELL} /Users/mschmidt34/GTFoldPython/gtfold-mfe/missing --run automake-1.11'
AWK='awk'
CC='gcc'
CCDEPMODE='depmode=gcc3'
CFLAGS='-fPIC -m64 -fvisibility=default -Wall'
CPP='gcc -E'
CPPFLAGS=''
CXX='g++'
CXXDEPMODE='depmode=gcc3'
CXXFLAGS='-fPIC -I../include -m64 -fvisibility=default -Wno-error -Wall -lgmp'
CYGPATH_W='echo'
DEFS='-DHAVE_CONFIG_H'
DEPDIR='.deps'
ECHO_C='\c'
ECHO_N=''
ECHO_T=''
EGREP='/usr/local/bin/ggrep -E'
EXEEXT=''
FULLOBJEXT=''
GREP='/usr/local/bin/ggrep'
GTFOLD_DEBUG_FALSE=''
GTFOLD_DEBUG_TRUE='#'
INSTALL_DATA='${INSTALL} -m 644'
INSTALL_PROGRAM='${INSTALL}'
INSTALL_SCRIPT='${INSTALL}'
INSTALL_STRIP_PROGRAM='$(install_sh) -c -s'
LDFLAGS='-rdynamic -Wl,-undefined,error -fPIC -pie'
LIBOBJS=''
LIBS=' '
LTLIBOBJS=''
MAKEINFO='${SHELL} /Users/mschmidt34/GTFoldPython/gtfold-mfe/missing --run makeinfo'
MKDIR_P='/usr/local/bin/gmkdir -p'
OBJEXT='o'
OPENMP_CFLAGS=''
PACKAGE='gtfold'
PACKAGE_BUGREPORT=''
PACKAGE_NAME='gtfold'
PACKAGE_STRING='gtfold 2.0'
PACKAGE_TARNAME='gtfold'
PACKAGE_URL=''
PACKAGE_VERSION='2.0'
PATH_SEPARATOR=':'
SET_MAKE=''
SHELL='/bin/sh'
STRIP=''
VERSION='2.0'
ac_ct_CC='gcc'
ac_ct_CXX='g++'
am__EXEEXT_FALSE=''
am__EXEEXT_TRUE='#'
am__fastdepCC_FALSE='#'
am__fastdepCC_TRUE=''
am__fastdepCXX_FALSE='#'
am__fastdepCXX_TRUE=''
am__include='include'
am__isrc=''
am__leading_dot='.'
am__quote=''
am__tar='${AMTAR} chof - "$$tardir"'
am__untar='${AMTAR} xf -'
bindir='${exec_prefix}/bin'
build='x86_64-apple-darwin18.7.0'
build_alias=''
build_cpu='x86_64'
build_os='darwin18.7.0'
build_vendor='apple'
datadir='${datarootdir}'
datarootdir='${prefix}/share'
docdir='${datarootdir}/doc/${PACKAGE_TARNAME}'
dvidir='${docdir}'
exec_prefix='${prefix}'
host='x86_64-apple-darwin18.7.0'
host_alias=''
host_cpu='x86_64'
host_os='darwin18.7.0'
host_vendor='apple'
htmldir='${docdir}'
includedir='${prefix}/include'
infodir='${datarootdir}/info'
install_sh='${SHELL} /Users/mschmidt34/GTFoldPython/gtfold-mfe/install-sh'
libdir='${exec_prefix}/lib'
libexecdir='${exec_prefix}/libexec'
localedir='${datarootdir}/locale'
localstatedir='${prefix}/var'
mandir='${datarootdir}/man'
mkdir_p='/usr/local/bin/gmkdir -p'
oldincludedir='/usr/include'
pdfdir='${docdir}'
prefix='/usr/local'
program_transform_name='s,x,x,'
psdir='${docdir}'
runstatedir='${localstatedir}/run'
sbindir='${exec_prefix}/sbin'
sharedstatedir='${prefix}/com'
sysconfdir='${prefix}/etc'
target='x86_64-apple-darwin18.7.0'
target_alias=''
target_cpu='x86_64'
target_os='darwin18.7.0'
target_vendor='apple'

## ----------- ##
## confdefs.h. ##
## ----------- ##

/* confdefs.h */
#define PACKAGE_NAME "gtfold"
#define PACKAGE_TARNAME "gtfold"
#define PACKAGE_VERSION "2.0"
#define PACKAGE_STRING "gtfold 2.0"
#define PACKAGE_BUGREPORT ""
#define PACKAGE_URL ""
#define PACKAGE "gtfold"
#define VERSION "2.0"
#define HAVE_LOG2 /**/
#define STDC_HEADERS 1
#define HAVE_SYS_TYPES_H 1
#define HAVE_SYS_STAT_H 1
#define HAVE_STDLIB_H 1
#define HAVE_STRING_H 1
#define HAVE_MEMORY_H 1
#define HAVE_STRINGS_H 1
#define HAVE_INTTYPES_H 1
#define HAVE_STDINT_H 1
#define HAVE_UNISTD_H 1
#define HAVE_STDLIB_H 1
#define HAVE_STRING_H 1
#define HAVE_SYS_TIME_H 1
#define TIME_WITH_SYS_TIME 1
#define HAVE_FLOOR 1
#define HAVE_GETTIMEOFDAY 1
#define HAVE_POW 1

configure: exit 0
